Unity Editor version:    2021.1.23f1 (b50729e604a9)
Branch:                  2021.1/staging
Build type:              Release
Batch mode:              YES
macOS version:           Version 11.6 (Build 20G165)
Darwin version:          20.6.0
Architecture:            x86_64
Running under Rosetta:   NO
Available memory:        16384 MB
Using pre-set license
Pro License: NO
Pro License: NO

COMMAND LINE ARGUMENTS:
/Applications/Unity/Hub/Editor/2021.1.23f1/Unity.app/Contents/MacOS/Unity
-adb2
-batchMode
-noUpm
-name
AssetImportWorker0
-projectPath
/Users/jaeyongpark/Downloads/New Unity Project
-logFile
Logs/AssetImportWorker0.log
-srvPort
65374
Successfully changed project path to: /Users/jaeyongpark/Downloads/New Unity Project
/Users/jaeyongpark/Downloads/New Unity Project
Using Asset Import Pipeline V2.
Refreshing native plugins compatible for Editor in 149.56 ms, found 3 plugins.
Preloading 1 native plugins for Editor in 2428.56 ms.
Initialize engine version: 2021.1.23f1 (b50729e604a9)
[Subsystems] Discovering subsystems at path /Applications/Unity/Hub/Editor/2021.1.23f1/Unity.app/Contents/Resources/UnitySubsystems
[Subsystems] Discovering subsystems at path /Users/jaeyongpark/Downloads/New Unity Project/Assets
GfxDevice: creating device client; threaded=0; jobified=0
2021-11-01 16:48:48.943 Unity[54558:4827588] Color LCD preferred device: Intel(R) UHD Graphics 630 (low power)
2021-11-01 16:48:48.943 Unity[54558:4827588] Metal devices available: 2
2021-11-01 16:48:48.943 Unity[54558:4827588] 0: AMD Radeon Pro 5300M (high power)
2021-11-01 16:48:48.943 Unity[54558:4827588] 1: Intel(R) UHD Graphics 630 (low power)
2021-11-01 16:48:48.944 Unity[54558:4827588] Using device AMD Radeon Pro 5300M (high power)
Initializing Metal device caps: AMD Radeon Pro 5300M
Initialize mono
Mono path[0] = '/Applications/Unity/Hub/Editor/2021.1.23f1/Unity.app/Contents/Managed'
Mono path[1] = '/Applications/Unity/Hub/Editor/2021.1.23f1/Unity.app/Contents/MonoBleedingEdge/lib/mono/unityjit'
Mono config path = '/Applications/Unity/Hub/Editor/2021.1.23f1/Unity.app/Contents/MonoBleedingEdge/etc'
Using monoOptions --debugger-agent=transport=dt_socket,embedding=1,server=y,suspend=n,address=127.0.0.1:56558
Begin MonoManager ReloadAssembly
Registering precompiled unity dll's ...
Register platform support module: /Applications/Unity/Hub/Editor/2021.1.23f1/Unity.app/Contents/PlaybackEngines/MacStandaloneSupport/UnityEditor.OSXStandalone.Extensions.dll
Registered in 0.002736 seconds.
Native extension for OSXStandalone target not found
Refreshing native plugins compatible for Editor in 136.54 ms, found 3 plugins.
Preloading 1 native plugins for Editor in 1.94 ms.
Mono: successfully reloaded assembly
- Completed reload, in  2.772 seconds
Domain Reload Profiling:
	ReloadAssembly (2772ms)
		BeginReloadAssembly (105ms)
			ExecutionOrderSort (0ms)
			DisableScriptedObjects (0ms)
			BackupInstance (0ms)
			ReleaseScriptingObjects (0ms)
			CreateAndSetChildDomain (1ms)
		EndReloadAssembly (686ms)
			LoadAssemblies (106ms)
			RebuildTransferFunctionScriptingTraits (0ms)
			SetupTypeCache (234ms)
			ReleaseScriptCaches (0ms)
			RebuildScriptCaches (40ms)
			SetupLoadedEditorAssemblies (362ms)
				LogAssemblyErrors (0ms)
				InitializePlatformSupportModulesInManaged (7ms)
				SetLoadedEditorAssemblies (0ms)
				RefreshPlugins (139ms)
				BeforeProcessingInitializeOnLoad (2ms)
				ProcessInitializeOnLoadAttributes (167ms)
				ProcessInitializeOnLoadMethodAttributes (47ms)
				AfterProcessingInitializeOnLoad (0ms)
				EditorAssembliesLoaded (0ms)
			ExecutionOrderSort2 (0ms)
			AwakeInstancesAfterBackupRestoration (0ms)
Platform modules already initialized, skipping
Registering precompiled user dll's ...
Registered in 0.008517 seconds.
Begin MonoManager ReloadAssembly
 4 bits: MaxErr=  2.0861626e-07 ErrSum=  2.5182962e-06 AvgErr=  1.5739352e-07 ErrRMS=  1.4239188e-07 [low precision]
 5 bits: MaxErr=  8.9406967e-07 ErrSum=   1.566112e-05 AvgErr=  4.8941001e-07 ErrRMS=  4.4508256e-07 [low precision]
 6 bits: MaxErr=  1.0728836e-06 ErrSum=  3.2521784e-05 AvgErr=  5.0815288e-07 ErrRMS=   4.778066e-07 [low precision]
 7 bits: MaxErr=  1.9073486e-06 ErrSum=  0.00011698157 AvgErr=  9.1391848e-07 ErrRMS=  8.4119388e-07 [low precision]
 8 bits: MaxErr=  2.3841858e-06 ErrSum=  0.00024125911 AvgErr=  9.4241841e-07 ErrRMS=  8.7268672e-07 [low precision]
 9 bits: MaxErr=  5.7816505e-06 ErrSum=   0.0010526851 AvgErr=  2.0560256e-06 ErrRMS=  1.9584022e-06 [low precision]
10 bits: MaxErr=  8.4638596e-06 ErrSum=    0.002942998 AvgErr=  2.8740214e-06 ErrRMS=  2.6442921e-06 [low precision]
11 bits: MaxErr=  1.0550022e-05 ErrSum=   0.0083289426 AvgErr=  4.0668665e-06 ErrRMS=  3.7600284e-06 [low precision]
12 bits: MaxErr=  6.3896179e-05 ErrSum=    0.090311574 AvgErr=  2.2048724e-05 ErrRMS=  2.0659849e-05 [low precision]
13 bits: MaxErr=  0.00010180473 ErrSum=     0.31476146 AvgErr=   3.842303e-05 ErrRMS=  3.4663446e-05 [low precision]
14 bits: MaxErr=  9.8824501e-05 ErrSum=      0.4985489 AvgErr=   3.042901e-05 ErrRMS=  2.8173593e-05 [low precision]
15 bits: MaxErr=  0.00050979853 ErrSum=      5.2477666 AvgErr=  0.00016014913 ErrRMS=  0.00015408909 [low precision]
16 bits: MaxErr=  0.00070178509 ErrSum=      14.856941 AvgErr=  0.00022669892 ErrRMS=  0.00021121795 [low precision]
17 bits: MaxErr=  0.00081455708 ErrSum=      34.366904 AvgErr=  0.00026219867 ErrRMS=  0.00023920867 [low precision]
18 bits: MaxErr=  0.00087308884 ErrSum=      73.317383 AvgErr=  0.00027968362 ErrRMS=  0.00025304333 [low precision]
19 bits: MaxErr=  0.00089800358 ErrSum=      149.68529 AvgErr=  0.00028550203 ErrRMS=  0.00025754192 [low precision]
20 bits: MaxErr=   0.0010339022 ErrSum=      306.91553 AvgErr=  0.00029269746 ErrRMS=  0.00026248511 [low precision]
 4 bits: MaxErr=  8.9406967e-08 ErrSum=  6.5565109e-07 AvgErr=  4.0978193e-08 ErrRMS=  4.7924669e-08 [high precision]
 5 bits: MaxErr=  1.1920929e-07 ErrSum=  2.1522865e-06 AvgErr=  6.7258952e-08 ErrRMS=  6.7434323e-08 [high precision]
 6 bits: MaxErr=  1.1920929e-07 ErrSum=  4.4070184e-06 AvgErr=  6.8859663e-08 ErrRMS=  6.6138658e-08 [high precision]
 7 bits: MaxErr=  1.7881393e-07 ErrSum=  1.0810792e-05 AvgErr=  8.4459316e-08 ErrRMS=  8.1261647e-08 [high precision]
 8 bits: MaxErr=  1.7881393e-07 ErrSum=  2.1840013e-05 AvgErr=   8.531255e-08 ErrRMS=  7.8197843e-08 [high precision]
 9 bits: MaxErr=  1.7881393e-07 ErrSum=  4.9830283e-05 AvgErr=  9.7324772e-08 ErrRMS=  8.9486968e-08 [high precision]
10 bits: MaxErr=  2.1606684e-07 ErrSum=  0.00010445126 AvgErr=  1.0200318e-07 ErrRMS=  9.3863113e-08 [high precision]
11 bits: MaxErr=  2.3841858e-07 ErrSum=  0.00021293084 AvgErr=  1.0397014e-07 ErrRMS=  9.6336331e-08 [high precision]
12 bits: MaxErr=  2.9802322e-07 ErrSum=  0.00045176937 AvgErr=  1.1029526e-07 ErrRMS=  1.0107681e-07 [high precision]
13 bits: MaxErr=  2.9802322e-07 ErrSum=  0.00093143929 AvgErr=  1.1370109e-07 ErrRMS=  1.0403163e-07 [high precision]
14 bits: MaxErr=  3.1292439e-07 ErrSum=   0.0019498973 AvgErr=  1.1901228e-07 ErrRMS=  1.0879657e-07 [high precision]
15 bits: MaxErr=  3.5762787e-07 ErrSum=   0.0040302439 AvgErr=  1.2299328e-07 ErrRMS=  1.1203208e-07 [high precision]
16 bits: MaxErr=  3.5762787e-07 ErrSum=   0.0082721283 AvgErr=  1.2622266e-07 ErrRMS=  1.1516569e-07 [high precision]
17 bits: MaxErr=  4.1723251e-07 ErrSum=    0.017226062 AvgErr=  1.3142442e-07 ErrRMS=  1.1946144e-07 [high precision]
18 bits: MaxErr=  4.1723251e-07 ErrSum=    0.035901533 AvgErr=  1.3695348e-07 ErrRMS=    1.24301e-07 [high precision]
19 bits: MaxErr=  4.7683716e-07 ErrSum=    0.073946445 AvgErr=  1.4104165e-07 ErrRMS=  1.2783552e-07 [high precision]
20 bits: MaxErr=  4.7683716e-07 ErrSum=     0.15226017 AvgErr=  1.4520661e-07 ErrRMS=  1.3151738e-07 [high precision]
Symbol file LoadedFromMemory doesn't match image /Users/jaeyongpark/Downloads/New Unity Project/Library/PackageCache/com.unity.visualscripting@1.6.1/Editor/VisualScripting.Core/Dependencies/YamlDotNet/Unity.VisualScripting.YamlDotNet.dll
Symbol file LoadedFromMemory doesn't match image /Users/jaeyongpark/Downloads/New Unity Project/Library/PackageCache/com.unity.visualscripting@1.6.1/Editor/VisualScripting.Core/Dependencies/DotNetZip/Unity.VisualScripting.IonicZip.dll
Native extension for OSXStandalone target not found
Refreshing native plugins compatible for Editor in 107.81 ms, found 3 plugins.
Preloading 1 native plugins for Editor in 1.35 ms.
Mono: successfully reloaded assembly
- Completed reload, in  1.510 seconds
Domain Reload Profiling:
	ReloadAssembly (1511ms)
		BeginReloadAssembly (172ms)
			ExecutionOrderSort (0ms)
			DisableScriptedObjects (7ms)
			BackupInstance (0ms)
			ReleaseScriptingObjects (0ms)
			CreateAndSetChildDomain (34ms)
		EndReloadAssembly (1271ms)
			LoadAssemblies (83ms)
			RebuildTransferFunctionScriptingTraits (0ms)
			SetupTypeCache (486ms)
			ReleaseScriptCaches (1ms)
			RebuildScriptCaches (79ms)
			SetupLoadedEditorAssemblies (492ms)
				LogAssemblyErrors (0ms)
				InitializePlatformSupportModulesInManaged (4ms)
				SetLoadedEditorAssemblies (0ms)
				RefreshPlugins (109ms)
				BeforeProcessingInitializeOnLoad (81ms)
				ProcessInitializeOnLoadAttributes (291ms)
				ProcessInitializeOnLoadMethodAttributes (6ms)
				AfterProcessingInitializeOnLoad (1ms)
				EditorAssembliesLoaded (0ms)
			ExecutionOrderSort2 (0ms)
			AwakeInstancesAfterBackupRestoration (8ms)
Platform modules already initialized, skipping
========================================================================
Worker process is ready to serve import requests
Launching external process: /Applications/Unity/Hub/Editor/2021.1.23f1/Unity.app/Contents/Tools/UnityShaderCompiler
Launched and connected shader compiler UnityShaderCompiler after 0.03 seconds
Refreshing native plugins compatible for Editor in 0.75 ms, found 3 plugins.
Preloading 1 native plugins for Editor in 1.34 ms.
Unloading 4600 Unused Serialized files (Serialized files now loaded: 0)
System memory in use before: 339.7 MB.
System memory in use after: 340.0 MB.

Unloading 23 unused Assets to reduce memory usage. Loaded Objects now: 5045.
Total: 3.574845 ms (FindLiveObjects: 0.307349 ms CreateObjectMapping: 0.186048 ms MarkObjects: 3.013827 ms  DeleteObjects: 0.066845 ms)

AssetImportParameters requested are different than current active one (requested -> active):
  custom:video-decoder-ogg-theora: a1e56fd34408186e4bbccfd4996cb3dc -> 
  custom:container-muxer-webm: aa71ff27fc2769a1b78a27578f13a17b -> 
  custom:container-demuxer-webm: 4f35f7cbe854078d1ac9338744f61a02 -> 
  custom:container-demuxer-ogg: 62fdf1f143b41e24485cea50d1cbac27 -> 
  custom:video-encoder-webm-vp8: eb34c28f22e8b96e1ab97ce403110664 -> 
  custom:framework-osx-AVFoundation: e770b220cccbd017edd2c1fefb359320 -> 
  custom:video-decoder-webm-vp8: 9c59270c3fd7afecdb556c50c9e8de78 -> 
  custom:audio-decoder-ogg-vorbis: bf7c407c2cedff20999df2af8eb42d56 -> 
  custom:audio-encoder-webm-vorbis: bf7c407c2cedff20999df2af8eb42d56 -> 
========================================================================
Received Import Request.
  path: Assets/Prefabs/Sphere.prefab
  artifactKey: Guid(98c7a6cc1bf25478dbc16e7c51d7f760) Importer(815301076,1909f56bfc062723c751e8b465ee728b)
Start importing Assets/Prefabs/Sphere.prefab using Guid(98c7a6cc1bf25478dbc16e7c51d7f760) Importer(815301076,1909f56bfc062723c751e8b465ee728b)  -> (artifact id: 'f0097383f740a8588db1323e5a6bfa5c') in 1.069618 seconds 
========================================================================
Received Import Request.
  Time since last request: 0.000276 seconds.
  path: Assets/Prefabs/Toon Chicken.prefab
  artifactKey: Guid(0e0780a6514ce466dad3b44d1b9c2ab7) Importer(815301076,1909f56bfc062723c751e8b465ee728b)
Start importing Assets/Prefabs/Toon Chicken.prefab using Guid(0e0780a6514ce466dad3b44d1b9c2ab7) Importer(815301076,1909f56bfc062723c751e8b465ee728b)  -> (artifact id: 'bf9c3ff2f4f8c1c5d45ee3b2a03119f4') in 0.062280 seconds 
========================================================================
Received Prepare
Registering precompiled user dll's ...
Registered in 0.010791 seconds.
Begin MonoManager ReloadAssembly
Symbol file LoadedFromMemory doesn't match image /Users/jaeyongpark/Downloads/New Unity Project/Library/PackageCache/com.unity.visualscripting@1.6.1/Editor/VisualScripting.Core/Dependencies/YamlDotNet/Unity.VisualScripting.YamlDotNet.dll
Symbol file LoadedFromMemory doesn't match image /Users/jaeyongpark/Downloads/New Unity Project/Library/PackageCache/com.unity.visualscripting@1.6.1/Editor/VisualScripting.Core/Dependencies/DotNetZip/Unity.VisualScripting.IonicZip.dll
Native extension for OSXStandalone target not found
Refreshing native plugins compatible for Editor in 0.89 ms, found 3 plugins.
Preloading 1 native plugins for Editor in 1.81 ms.
Mono: successfully reloaded assembly
- Completed reload, in  1.862 seconds
Domain Reload Profiling:
	ReloadAssembly (1862ms)
		BeginReloadAssembly (282ms)
			ExecutionOrderSort (0ms)
			DisableScriptedObjects (8ms)
			BackupInstance (0ms)
			ReleaseScriptingObjects (0ms)
			CreateAndSetChildDomain (126ms)
		EndReloadAssembly (1487ms)
			LoadAssemblies (195ms)
			RebuildTransferFunctionScriptingTraits (0ms)
			SetupTypeCache (610ms)
			ReleaseScriptCaches (2ms)
			RebuildScriptCaches (81ms)
			SetupLoadedEditorAssemblies (424ms)
				LogAssemblyErrors (0ms)
				InitializePlatformSupportModulesInManaged (6ms)
				SetLoadedEditorAssemblies (1ms)
				RefreshPlugins (3ms)
				BeforeProcessingInitializeOnLoad (78ms)
				ProcessInitializeOnLoadAttributes (328ms)
				ProcessInitializeOnLoadMethodAttributes (7ms)
				AfterProcessingInitializeOnLoad (2ms)
				EditorAssembliesLoaded (0ms)
			ExecutionOrderSort2 (0ms)
			AwakeInstancesAfterBackupRestoration (22ms)
Platform modules already initialized, skipping
Refreshing native plugins compatible for Editor in 0.82 ms, found 3 plugins.
Preloading 1 native plugins for Editor in 1.68 ms.
Unloading 4426 Unused Serialized files (Serialized files now loaded: 0)
System memory in use before: 351.7 MB.
System memory in use after: 351.9 MB.

Unloading 18 unused Assets to reduce memory usage. Loaded Objects now: 5094.
Total: 4.516722 ms (FindLiveObjects: 0.304823 ms CreateObjectMapping: 0.200547 ms MarkObjects: 3.915352 ms  DeleteObjects: 0.094640 ms)

AssetImportParameters requested are different than current active one (requested -> active):
  custom:video-decoder-ogg-theora: a1e56fd34408186e4bbccfd4996cb3dc -> 
  custom:container-muxer-webm: aa71ff27fc2769a1b78a27578f13a17b -> 
  custom:container-demuxer-webm: 4f35f7cbe854078d1ac9338744f61a02 -> 
  custom:container-demuxer-ogg: 62fdf1f143b41e24485cea50d1cbac27 -> 
  custom:video-encoder-webm-vp8: eb34c28f22e8b96e1ab97ce403110664 -> 
  custom:framework-osx-AVFoundation: e770b220cccbd017edd2c1fefb359320 -> 
  custom:video-decoder-webm-vp8: 9c59270c3fd7afecdb556c50c9e8de78 -> 
  custom:audio-decoder-ogg-vorbis: bf7c407c2cedff20999df2af8eb42d56 -> 
  custom:audio-encoder-webm-vorbis: bf7c407c2cedff20999df2af8eb42d56 -> 
========================================================================
Received Prepare
Registering precompiled user dll's ...
Registered in 0.002960 seconds.
Begin MonoManager ReloadAssembly
Symbol file LoadedFromMemory doesn't match image /Users/jaeyongpark/Downloads/New Unity Project/Library/PackageCache/com.unity.visualscripting@1.6.1/Editor/VisualScripting.Core/Dependencies/YamlDotNet/Unity.VisualScripting.YamlDotNet.dll
Symbol file LoadedFromMemory doesn't match image /Users/jaeyongpark/Downloads/New Unity Project/Library/PackageCache/com.unity.visualscripting@1.6.1/Editor/VisualScripting.Core/Dependencies/DotNetZip/Unity.VisualScripting.IonicZip.dll
Native extension for OSXStandalone target not found
Refreshing native plugins compatible for Editor in 0.76 ms, found 3 plugins.
Preloading 1 native plugins for Editor in 1.33 ms.
Mono: successfully reloaded assembly
- Completed reload, in  1.425 seconds
Domain Reload Profiling:
	ReloadAssembly (1425ms)
		BeginReloadAssembly (137ms)
			ExecutionOrderSort (0ms)
			DisableScriptedObjects (5ms)
			BackupInstance (0ms)
			ReleaseScriptingObjects (0ms)
			CreateAndSetChildDomain (77ms)
		EndReloadAssembly (1219ms)
			LoadAssemblies (82ms)
			RebuildTransferFunctionScriptingTraits (0ms)
			SetupTypeCache (474ms)
			ReleaseScriptCaches (2ms)
			RebuildScriptCaches (85ms)
			SetupLoadedEditorAssemblies (366ms)
				LogAssemblyErrors (0ms)
				InitializePlatformSupportModulesInManaged (5ms)
				SetLoadedEditorAssemblies (0ms)
				RefreshPlugins (2ms)
				BeforeProcessingInitializeOnLoad (58ms)
				ProcessInitializeOnLoadAttributes (293ms)
				ProcessInitializeOnLoadMethodAttributes (6ms)
				AfterProcessingInitializeOnLoad (2ms)
				EditorAssembliesLoaded (0ms)
			ExecutionOrderSort2 (0ms)
			AwakeInstancesAfterBackupRestoration (19ms)
Platform modules already initialized, skipping
Refreshing native plugins compatible for Editor in 0.93 ms, found 3 plugins.
Preloading 1 native plugins for Editor in 1.78 ms.
Unloading 4426 Unused Serialized files (Serialized files now loaded: 0)
System memory in use before: 352.4 MB.
System memory in use after: 352.6 MB.

Unloading 18 unused Assets to reduce memory usage. Loaded Objects now: 5096.
Total: 4.431130 ms (FindLiveObjects: 0.334749 ms CreateObjectMapping: 0.236865 ms MarkObjects: 3.798826 ms  DeleteObjects: 0.059720 ms)

AssetImportParameters requested are different than current active one (requested -> active):
  custom:video-decoder-ogg-theora: a1e56fd34408186e4bbccfd4996cb3dc -> 
  custom:container-muxer-webm: aa71ff27fc2769a1b78a27578f13a17b -> 
  custom:container-demuxer-webm: 4f35f7cbe854078d1ac9338744f61a02 -> 
  custom:container-demuxer-ogg: 62fdf1f143b41e24485cea50d1cbac27 -> 
  custom:video-encoder-webm-vp8: eb34c28f22e8b96e1ab97ce403110664 -> 
  custom:framework-osx-AVFoundation: e770b220cccbd017edd2c1fefb359320 -> 
  custom:video-decoder-webm-vp8: 9c59270c3fd7afecdb556c50c9e8de78 -> 
  custom:audio-decoder-ogg-vorbis: bf7c407c2cedff20999df2af8eb42d56 -> 
  custom:audio-encoder-webm-vorbis: bf7c407c2cedff20999df2af8eb42d56 -> 
========================================================================
Received Prepare
Registering precompiled user dll's ...
Registered in 0.011904 seconds.
Begin MonoManager ReloadAssembly
Symbol file LoadedFromMemory doesn't match image /Users/jaeyongpark/Downloads/New Unity Project/Library/PackageCache/com.unity.visualscripting@1.6.1/Editor/VisualScripting.Core/Dependencies/YamlDotNet/Unity.VisualScripting.YamlDotNet.dll
Symbol file LoadedFromMemory doesn't match image /Users/jaeyongpark/Downloads/New Unity Project/Library/PackageCache/com.unity.visualscripting@1.6.1/Editor/VisualScripting.Core/Dependencies/DotNetZip/Unity.VisualScripting.IonicZip.dll
Native extension for OSXStandalone target not found
Refreshing native plugins compatible for Editor in 0.74 ms, found 3 plugins.
Preloading 1 native plugins for Editor in 1.32 ms.
Mono: successfully reloaded assembly
- Completed reload, in  1.494 seconds
Domain Reload Profiling:
	ReloadAssembly (1494ms)
		BeginReloadAssembly (218ms)
			ExecutionOrderSort (0ms)
			DisableScriptedObjects (5ms)
			BackupInstance (0ms)
			ReleaseScriptingObjects (0ms)
			CreateAndSetChildDomain (93ms)
		EndReloadAssembly (1183ms)
			LoadAssemblies (182ms)
			RebuildTransferFunctionScriptingTraits (0ms)
			SetupTypeCache (468ms)
			ReleaseScriptCaches (2ms)
			RebuildScriptCaches (63ms)
			SetupLoadedEditorAssemblies (335ms)
				LogAssemblyErrors (0ms)
				InitializePlatformSupportModulesInManaged (5ms)
				SetLoadedEditorAssemblies (0ms)
				RefreshPlugins (2ms)
				BeforeProcessingInitializeOnLoad (57ms)
				ProcessInitializeOnLoadAttributes (265ms)
				ProcessInitializeOnLoadMethodAttributes (5ms)
				AfterProcessingInitializeOnLoad (1ms)
				EditorAssembliesLoaded (0ms)
			ExecutionOrderSort2 (0ms)
			AwakeInstancesAfterBackupRestoration (16ms)
Platform modules already initialized, skipping
Refreshing native plugins compatible for Editor in 0.75 ms, found 3 plugins.
Preloading 1 native plugins for Editor in 1.34 ms.
Unloading 4426 Unused Serialized files (Serialized files now loaded: 0)
System memory in use before: 352.7 MB.
System memory in use after: 352.9 MB.

Unloading 18 unused Assets to reduce memory usage. Loaded Objects now: 5098.
Total: 3.513497 ms (FindLiveObjects: 0.300306 ms CreateObjectMapping: 0.214477 ms MarkObjects: 2.953094 ms  DeleteObjects: 0.044608 ms)

AssetImportParameters requested are different than current active one (requested -> active):
  custom:video-decoder-ogg-theora: a1e56fd34408186e4bbccfd4996cb3dc -> 
  custom:container-muxer-webm: aa71ff27fc2769a1b78a27578f13a17b -> 
  custom:container-demuxer-webm: 4f35f7cbe854078d1ac9338744f61a02 -> 
  custom:container-demuxer-ogg: 62fdf1f143b41e24485cea50d1cbac27 -> 
  custom:video-encoder-webm-vp8: eb34c28f22e8b96e1ab97ce403110664 -> 
  custom:framework-osx-AVFoundation: e770b220cccbd017edd2c1fefb359320 -> 
  custom:video-decoder-webm-vp8: 9c59270c3fd7afecdb556c50c9e8de78 -> 
  custom:audio-decoder-ogg-vorbis: bf7c407c2cedff20999df2af8eb42d56 -> 
  custom:audio-encoder-webm-vorbis: bf7c407c2cedff20999df2af8eb42d56 -> 
========================================================================
Received Prepare
Registering precompiled user dll's ...
Registered in 0.003344 seconds.
Begin MonoManager ReloadAssembly
Symbol file LoadedFromMemory doesn't match image /Users/jaeyongpark/Downloads/New Unity Project/Library/PackageCache/com.unity.visualscripting@1.6.1/Editor/VisualScripting.Core/Dependencies/YamlDotNet/Unity.VisualScripting.YamlDotNet.dll
Symbol file LoadedFromMemory doesn't match image /Users/jaeyongpark/Downloads/New Unity Project/Library/PackageCache/com.unity.visualscripting@1.6.1/Editor/VisualScripting.Core/Dependencies/DotNetZip/Unity.VisualScripting.IonicZip.dll
Native extension for OSXStandalone target not found
Refreshing native plugins compatible for Editor in 0.75 ms, found 3 plugins.
Preloading 1 native plugins for Editor in 1.50 ms.
Mono: successfully reloaded assembly
- Completed reload, in  1.281 seconds
Domain Reload Profiling:
	ReloadAssembly (1282ms)
		BeginReloadAssembly (140ms)
			ExecutionOrderSort (0ms)
			DisableScriptedObjects (6ms)
			BackupInstance (0ms)
			ReleaseScriptingObjects (0ms)
			CreateAndSetChildDomain (75ms)
		EndReloadAssembly (1071ms)
			LoadAssemblies (83ms)
			RebuildTransferFunctionScriptingTraits (0ms)
			SetupTypeCache (443ms)
			ReleaseScriptCaches (1ms)
			RebuildScriptCaches (58ms)
			SetupLoadedEditorAssemblies (323ms)
				LogAssemblyErrors (0ms)
				InitializePlatformSupportModulesInManaged (4ms)
				SetLoadedEditorAssemblies (0ms)
				RefreshPlugins (2ms)
				BeforeProcessingInitializeOnLoad (60ms)
				ProcessInitializeOnLoadAttributes (249ms)
				ProcessInitializeOnLoadMethodAttributes (5ms)
				AfterProcessingInitializeOnLoad (1ms)
				EditorAssembliesLoaded (0ms)
			ExecutionOrderSort2 (0ms)
			AwakeInstancesAfterBackupRestoration (15ms)
Platform modules already initialized, skipping
Refreshing native plugins compatible for Editor in 0.81 ms, found 3 plugins.
Preloading 1 native plugins for Editor in 1.57 ms.
Unloading 4426 Unused Serialized files (Serialized files now loaded: 0)
System memory in use before: 353.1 MB.
System memory in use after: 353.3 MB.

Unloading 18 unused Assets to reduce memory usage. Loaded Objects now: 5100.
Total: 4.485461 ms (FindLiveObjects: 0.353271 ms CreateObjectMapping: 0.214670 ms MarkObjects: 3.851506 ms  DeleteObjects: 0.064946 ms)

AssetImportParameters requested are different than current active one (requested -> active):
  custom:video-decoder-ogg-theora: a1e56fd34408186e4bbccfd4996cb3dc -> 
  custom:container-muxer-webm: aa71ff27fc2769a1b78a27578f13a17b -> 
  custom:container-demuxer-webm: 4f35f7cbe854078d1ac9338744f61a02 -> 
  custom:container-demuxer-ogg: 62fdf1f143b41e24485cea50d1cbac27 -> 
  custom:video-encoder-webm-vp8: eb34c28f22e8b96e1ab97ce403110664 -> 
  custom:framework-osx-AVFoundation: e770b220cccbd017edd2c1fefb359320 -> 
  custom:video-decoder-webm-vp8: 9c59270c3fd7afecdb556c50c9e8de78 -> 
  custom:audio-decoder-ogg-vorbis: bf7c407c2cedff20999df2af8eb42d56 -> 
  custom:audio-encoder-webm-vorbis: bf7c407c2cedff20999df2af8eb42d56 -> 
========================================================================
Received Prepare
Registering precompiled user dll's ...
Registered in 0.017309 seconds.
Begin MonoManager ReloadAssembly
Symbol file LoadedFromMemory doesn't match image /Users/jaeyongpark/Downloads/New Unity Project/Library/PackageCache/com.unity.visualscripting@1.6.1/Editor/VisualScripting.Core/Dependencies/YamlDotNet/Unity.VisualScripting.YamlDotNet.dll
Symbol file LoadedFromMemory doesn't match image /Users/jaeyongpark/Downloads/New Unity Project/Library/PackageCache/com.unity.visualscripting@1.6.1/Editor/VisualScripting.Core/Dependencies/DotNetZip/Unity.VisualScripting.IonicZip.dll
Native extension for OSXStandalone target not found
Refreshing native plugins compatible for Editor in 1.48 ms, found 3 plugins.
Preloading 1 native plugins for Editor in 4.86 ms.
Mono: successfully reloaded assembly
- Completed reload, in  2.075 seconds
Domain Reload Profiling:
	ReloadAssembly (2077ms)
		BeginReloadAssembly (515ms)
			ExecutionOrderSort (0ms)
			DisableScriptedObjects (32ms)
			BackupInstance (0ms)
			ReleaseScriptingObjects (0ms)
			CreateAndSetChildDomain (273ms)
		EndReloadAssembly (1471ms)
			LoadAssemblies (247ms)
			RebuildTransferFunctionScriptingTraits (1ms)
			SetupTypeCache (584ms)
			ReleaseScriptCaches (4ms)
			RebuildScriptCaches (72ms)
			SetupLoadedEditorAssemblies (425ms)
				LogAssemblyErrors (0ms)
				InitializePlatformSupportModulesInManaged (6ms)
				SetLoadedEditorAssemblies (1ms)
				RefreshPlugins (6ms)
				BeforeProcessingInitializeOnLoad (72ms)
				ProcessInitializeOnLoadAttributes (333ms)
				ProcessInitializeOnLoadMethodAttributes (6ms)
				AfterProcessingInitializeOnLoad (1ms)
				EditorAssembliesLoaded (0ms)
			ExecutionOrderSort2 (0ms)
			AwakeInstancesAfterBackupRestoration (15ms)
Platform modules already initialized, skipping
Refreshing native plugins compatible for Editor in 0.75 ms, found 3 plugins.
Preloading 1 native plugins for Editor in 1.34 ms.
Unloading 4426 Unused Serialized files (Serialized files now loaded: 0)
System memory in use before: 355.9 MB.
System memory in use after: 356.2 MB.

Unloading 18 unused Assets to reduce memory usage. Loaded Objects now: 5102.
Total: 6.289939 ms (FindLiveObjects: 0.343263 ms CreateObjectMapping: 0.189947 ms MarkObjects: 5.012919 ms  DeleteObjects: 0.742791 ms)

AssetImportParameters requested are different than current active one (requested -> active):
  custom:video-decoder-ogg-theora: a1e56fd34408186e4bbccfd4996cb3dc -> 
  custom:container-muxer-webm: aa71ff27fc2769a1b78a27578f13a17b -> 
  custom:container-demuxer-webm: 4f35f7cbe854078d1ac9338744f61a02 -> 
  custom:container-demuxer-ogg: 62fdf1f143b41e24485cea50d1cbac27 -> 
  custom:video-encoder-webm-vp8: eb34c28f22e8b96e1ab97ce403110664 -> 
  custom:framework-osx-AVFoundation: e770b220cccbd017edd2c1fefb359320 -> 
  custom:video-decoder-webm-vp8: 9c59270c3fd7afecdb556c50c9e8de78 -> 
  custom:audio-decoder-ogg-vorbis: bf7c407c2cedff20999df2af8eb42d56 -> 
  custom:audio-encoder-webm-vorbis: bf7c407c2cedff20999df2af8eb42d56 -> 
